Determining if the pthread_create exist failed with the following output:
Change Dir: /root/srsRAN/build/CMakeFiles/CMakeTmp

Run Build Command:"/usr/bin/make" "cmTC_c196c/fast"
/usr/bin/make -f CMakeFiles/cmTC_c196c.dir/build.make CMakeFiles/cmTC_c196c.dir/build
make[1]: Entering directory '/root/srsRAN/build/CMakeFiles/CMakeTmp'
Building C object CMakeFiles/cmTC_c196c.dir/CheckSymbolExists.c.o
/usr/bin/cc    -o CMakeFiles/cmTC_c196c.dir/CheckSymbolExists.c.o   -c /root/srsRAN/build/CMakeFiles/CMakeTmp/CheckSymbolExists.c
Linking C executable cmTC_c196c
/usr/bin/cmake -E cmake_link_script CMakeFiles/cmTC_c196c.dir/link.txt --verbose=1
/usr/bin/cc      -rdynamic CMakeFiles/cmTC_c196c.dir/CheckSymbolExists.c.o  -o cmTC_c196c 
CMakeFiles/cmTC_c196c.dir/CheckSymbolExists.c.o: In function `main':
CheckSymbolExists.c:(.text+0x1b): undefined reference to `pthread_create'
collect2: error: ld returned 1 exit status
CMakeFiles/cmTC_c196c.dir/build.make:97: recipe for target 'cmTC_c196c' failed
make[1]: *** [cmTC_c196c] Error 1
make[1]: Leaving directory '/root/srsRAN/build/CMakeFiles/CMakeTmp'
Makefile:126: recipe for target 'cmTC_c196c/fast' failed
make: *** [cmTC_c196c/fast] Error 2

File /root/srsRAN/build/CMakeFiles/CMakeTmp/CheckSymbolExists.c:
/* */
#include <pthread.h>

int main(int argc, char** argv)
{
  (void)argv;
#ifndef pthread_create
  return ((int*)(&pthread_create))[argc];
#else
  (void)argc;
  return 0;
#endif
}

Determining if the function pthread_create exists in the pthreads failed with the following output:
Change Dir: /root/srsRAN/build/CMakeFiles/CMakeTmp

Run Build Command:"/usr/bin/make" "cmTC_4b494/fast"
/usr/bin/make -f CMakeFiles/cmTC_4b494.dir/build.make CMakeFiles/cmTC_4b494.dir/build
make[1]: Entering directory '/root/srsRAN/build/CMakeFiles/CMakeTmp'
Building C object CMakeFiles/cmTC_4b494.dir/CheckFunctionExists.c.o
/usr/bin/cc   -DCHECK_FUNCTION_EXISTS=pthread_create   -o CMakeFiles/cmTC_4b494.dir/CheckFunctionExists.c.o   -c /usr/share/cmake-3.10/Modules/CheckFunctionExists.c
Linking C executable cmTC_4b494
/usr/bin/cmake -E cmake_link_script CMakeFiles/cmTC_4b494.dir/link.txt --verbose=1
/usr/bin/cc  -DCHECK_FUNCTION_EXISTS=pthread_create    -rdynamic CMakeFiles/cmTC_4b494.dir/CheckFunctionExists.c.o  -o cmTC_4b494 -lpthreads 
/usr/bin/ld: cannot find -lpthreads
collect2: error: ld returned 1 exit status
CMakeFiles/cmTC_4b494.dir/build.make:97: recipe for target 'cmTC_4b494' failed
make[1]: *** [cmTC_4b494] Error 1
make[1]: Leaving directory '/root/srsRAN/build/CMakeFiles/CMakeTmp'
Makefile:126: recipe for target 'cmTC_4b494/fast' failed
make: *** [cmTC_4b494/fast] Error 2


Performing C++ SOURCE FILE Test UHD_ENABLE_X300_FW_RESET failed with the following output:
Change Dir: /root/srsRAN/build/CMakeFiles/CMakeTmp

Run Build Command:"/usr/bin/make" "cmTC_b7584/fast"
/usr/bin/make -f CMakeFiles/cmTC_b7584.dir/build.make CMakeFiles/cmTC_b7584.dir/build
make[1]: Entering directory '/root/srsRAN/build/CMakeFiles/CMakeTmp'
Building CXX object CMakeFiles/cmTC_b7584.dir/src.cxx.o
/usr/bin/c++   -I/usr/local/include  -DUHD_ENABLE_X300_FW_RESET  -L/usr/local/lib   -o CMakeFiles/cmTC_b7584.dir/src.cxx.o -c /root/srsRAN/build/CMakeFiles/CMakeTmp/src.cxx
Linking CXX executable cmTC_b7584
/usr/bin/cmake -E cmake_link_script CMakeFiles/cmTC_b7584.dir/link.txt --verbose=1
/usr/bin/c++   -DUHD_ENABLE_X300_FW_RESET  -L/usr/local/lib    -rdynamic CMakeFiles/cmTC_b7584.dir/src.cxx.o  -o cmTC_b7584 -luhd -lboost_program_options -lboost_system 
CMakeFiles/cmTC_b7584.dir/src.cxx.o: In function `try_usrp_x300_reset()':
src.cxx:(.text+0x1f6): undefined reference to `x300_make_ctrl_iface_enet(std::shared_ptr<uhd::transport::udp_simple>, bool)'
collect2: error: ld returned 1 exit status
CMakeFiles/cmTC_b7584.dir/build.make:97: recipe for target 'cmTC_b7584' failed
make[1]: *** [cmTC_b7584] Error 1
make[1]: Leaving directory '/root/srsRAN/build/CMakeFiles/CMakeTmp'
Makefile:126: recipe for target 'cmTC_b7584/fast' failed
make: *** [cmTC_b7584/fast] Error 2

Source file was:
#include <uhd.h>
    #include <uhd/usrp/multi_usrp.hpp>
    #include <uhd/transport/udp_simple.hpp>

    uhd::wb_iface::sptr x300_make_ctrl_iface_enet(uhd::transport::udp_simple::sptr udp, bool enable_errors);

    uhd_error try_usrp_x300_reset()
    {
      uhd::transport::udp_simple::sptr udp_simple = uhd::transport::udp_simple::make_connected("", "49152");
      uhd::wb_iface::sptr x300_ctrl = x300_make_ctrl_iface_enet(udp_simple, true);
      x300_ctrl->poke32(0x100058, 1);
      return UHD_ERROR_NONE;
    }

    int main(int argc, char** argv)
    {
      try_usrp_x300_reset();
      return 0;
    }
Performing C++ SOURCE FILE Test UHD_ENABLE_RFNOC failed with the following output:
Change Dir: /root/srsRAN/build/CMakeFiles/CMakeTmp

Run Build Command:"/usr/bin/make" "cmTC_064a4/fast"
/usr/bin/make -f CMakeFiles/cmTC_064a4.dir/build.make CMakeFiles/cmTC_064a4.dir/build
make[1]: Entering directory '/root/srsRAN/build/CMakeFiles/CMakeTmp'
Building CXX object CMakeFiles/cmTC_064a4.dir/src.cxx.o
/usr/bin/c++   -I/usr/local/include  -DUHD_ENABLE_RFNOC  -L/usr/local/lib   -o CMakeFiles/cmTC_064a4.dir/src.cxx.o -c /root/srsRAN/build/CMakeFiles/CMakeTmp/src.cxx
/root/srsRAN/build/CMakeFiles/CMakeTmp/src.cxx:2:14: fatal error: uhd/device3.hpp: No such file or directory
     #include <uhd/device3.hpp>
              ^~~~~~~~~~~~~~~~~
compilation terminated.
CMakeFiles/cmTC_064a4.dir/build.make:65: recipe for target 'CMakeFiles/cmTC_064a4.dir/src.cxx.o' failed
make[1]: *** [CMakeFiles/cmTC_064a4.dir/src.cxx.o] Error 1
make[1]: Leaving directory '/root/srsRAN/build/CMakeFiles/CMakeTmp'
Makefile:126: recipe for target 'cmTC_064a4/fast' failed
make: *** [cmTC_064a4/fast] Error 2

Source file was:
#include <uhd.h>
    #include <uhd/device3.hpp>
    #include <uhd/rfnoc/ddc_block_ctrl.hpp>
    #include <uhd/rfnoc/radio_ctrl.hpp>

    static uhd::device3::sptr device3;
    static uhd::rfnoc::ddc_block_ctrl::sptr ddc_ctrl;
    static uhd::rfnoc::radio_ctrl::sptr radio_ctrl;

    uhd_error try_device3_ddc_ctrl()
    {
      ddc_ctrl = device3->get_block_ctrl<uhd::rfnoc::ddc_block_ctrl>(uhd::rfnoc::block_id_t("DDC_0"));
      return UHD_ERROR_NONE;
    }

    uhd_error try_device3_radio_ctrl()
    {
      radio_ctrl = device3->get_block_ctrl<uhd::rfnoc::radio_ctrl>(uhd::rfnoc::block_id_t("Radio_0"));
      return UHD_ERROR_NONE;
    }

    int main(int argc, char** argv)
    {
      try_device3_ddc_ctrl();
      try_device3_radio_ctrl();
      return 0;
    }
Performing C++ SOURCE FILE Test UHD_ENABLE_CUSTOM_RFNOC failed with the following output:
Change Dir: /root/srsRAN/build/CMakeFiles/CMakeTmp

Run Build Command:"/usr/bin/make" "cmTC_52910/fast"
/usr/bin/make -f CMakeFiles/cmTC_52910.dir/build.make CMakeFiles/cmTC_52910.dir/build
make[1]: Entering directory '/root/srsRAN/build/CMakeFiles/CMakeTmp'
Building CXX object CMakeFiles/cmTC_52910.dir/src.cxx.o
/usr/bin/c++   -I/usr/local/include  -DUHD_ENABLE_CUSTOM_RFNOC  -L/usr/local/lib   -o CMakeFiles/cmTC_52910.dir/src.cxx.o -c /root/srsRAN/build/CMakeFiles/CMakeTmp/src.cxx
/root/srsRAN/build/CMakeFiles/CMakeTmp/src.cxx:2:14: fatal error: uhd/device3.hpp: No such file or directory
     #include <uhd/device3.hpp>
              ^~~~~~~~~~~~~~~~~
compilation terminated.
CMakeFiles/cmTC_52910.dir/build.make:65: recipe for target 'CMakeFiles/cmTC_52910.dir/src.cxx.o' failed
make[1]: *** [CMakeFiles/cmTC_52910.dir/src.cxx.o] Error 1
make[1]: Leaving directory '/root/srsRAN/build/CMakeFiles/CMakeTmp'
Makefile:126: recipe for target 'cmTC_52910/fast' failed
make: *** [cmTC_52910/fast] Error 2

Source file was:
#include <uhd.h>
    #include <uhd/device3.hpp>
    #include <uhd/rfnoc/ddc_ch2_block_ctrl.hpp>

    static uhd::device3::sptr device3;
    static uhd::rfnoc::ddc_ch2_block_ctrl::sptr ddc_ctrl;

    uhd_error try_device3_ddc_ch2_ctrl()
    {
      ddc_ctrl = device3->get_block_ctrl<uhd::rfnoc::ddc_ch2_block_ctrl>(uhd::rfnoc::block_id_t("DDCch2_0"));
      return UHD_ERROR_NONE;
    }

    int main(int argc, char** argv)
    {
      try_device3_ddc_ch2_ctrl();
      return 0;
    }
